<?xml version="1.0" encoding="UTF-8"?>
<!-- Generated by org.testng.reporters.JUnitReportReporter -->
<testsuite hostname="BCPVM18" name="com.org.proj.application.Script.Driver" tests="1" failures="0" timestamp="22 Dec 2020 07:57:06 GMT" time="7518.448" errors="0">
  <testcase name="runtestsInSuite" time="7518.448" classname="com.org.proj.application.Script.Driver"/>
</testsuite> <!-- com.org.proj.application.Script.Driver -->
